<?xml version="1.0" encoding="UTF-8"?>
<testsuite xmlns:xsi="http://www.w3.org/2001/XMLSchema-instance" xsi:noNamespaceSchemaLocation="https://maven.apache.org/surefire/maven-surefire-plugin/xsd/surefire-test-report-3.0.xsd" version="3.0" name="com.bank.service.BankServiceImplTest" time="0.717" tests="4" errors="0" skipped="0" failures="0">
  <properties>
[...]
</properties>
  <testcase name="transfer_toSameAccount_throwsIllegalArgumentException" classname="com.bank.service.BankServiceImplTest" time="0.687">
    <system-err><![CDATA[WARNING: A Java agent has been loaded dynamically (/Users/monzerrat_mejia/.m2/repository/net/bytebuddy/byte-buddy-agent/1.14.12/byte-buddy-agent-1.14.12.jar)
WARNING: If a serviceability tool is in use, please run with -XX:+EnableDynamicAgentLoading to hide this warning
WARNING: If a serviceability tool is not in use, please run with -Djdk.instrument.traceUsage for more information
WARNING: Dynamic loading of agents will be disallowed by default in a future release
]]></system-err>
  </testcase>
  <testcase name="deposit_withNegativeAmount_throwsIllegalArgumentException" classname="com.bank.service.BankServiceImplTest" time="0.003"/>
  <testcase name="getBalance_forExistingAccount_returnsBalance" classname="com.bank.service.BankServiceImplTest" time="0.006"/>
  <testcase name="deposit_withPositiveAmount_callsDaoDeposit" classname="com.bank.service.BankServiceImplTest" time="0.002"/>
</testsuite>